<?xml version="1.0" encoding="UTF-8"?>
<!-- Generated by org.testng.reporters.JUnitXMLReporter -->
<testsuite hostname="DHIA-TEST" name="Test" tests="0" failures="0" timestamp="19 Oct 2023 13:22:47 GMT" time="0.084" errors="0">
  <testcase name="@BeforeClass setUpClass" time="0.0" classname="testng.runner.RunCucumberTest">
    <failure type="java.lang.AbstractMethodError" message="io.cucumber.testng.TestNGCucumberOptionsProvider$TestNGCucumberOptions.tags()[Ljava/lang/String;">
      <![CDATA[java.lang.AbstractMethodError: io.cucumber.testng.TestNGCucumberOptionsProvider$TestNGCucumberOptions.tags()[Ljava/lang/String;
	at io.cucumber.core.options.CucumberOptionsAnnotationParser.addTags(CucumberOptionsAnnotationParser.java:95)
	at io.cucumber.core.options.CucumberOptionsAnnotationParser.parse(CucumberOptionsAnnotationParser.java:56)
	at io.cucumber.testng.TestNGCucumberRunner.<init>(TestNGCucumberRunner.java:73)
	at io.cucumber.testng.AbstractTestNGCucumberTests.setUpClass(AbstractTestNGCucumberTests.java:23)
... Removed 24 stack frames]]>
    </failure>
  </testcase> <!-- @BeforeClass setUpClass -->
</testsuite> <!-- Test -->
