<?xml version="1.0" encoding="UTF-8"?>
<testng-results skipped="0" failed="0" total="1" passed="1">
  <reporter-output>
  </reporter-output>
  <suite name="Default suite" duration-ms="12743" started-at="2023-10-20T10:35:26Z" finished-at="2023-10-20T10:35:39Z">
    <groups>
    </groups>
    <test name="Default test" duration-ms="12743" started-at="2023-10-20T10:35:26Z" finished-at="2023-10-20T10:35:39Z">
      <class name="stepDefinition.Verificiation_CICD">
        <test-method status="PASS" signature="open_browser()[pri:0, instance:stepDefinition.Verificiation_CICD@17f6480]" name="open_browser" is-config="true" duration-ms="7505" started-at="2023-10-20T11:35:26Z" finished-at="2023-10-20T11:35:34Z">
          <reporter-output>
          </reporter-output>
        </test-method> <!-- open_browser -->
        <test-method status="PASS" signature="utilisateur_est_sur_la_page_d_acceuil()[pri:0, instance:stepDefinition.Verificiation_CICD@17f6480]" name="utilisateur_est_sur_la_page_d_acceuil" duration-ms="5003" started-at="2023-10-20T11:35:34Z" finished-at="2023-10-20T11:35:39Z">
          <reporter-output>
          </reporter-output>
        </test-method> <!-- utilisateur_est_sur_la_page_d_acceuil -->
        <test-method status="PASS" signature="close_browser()[pri:0, instance:stepDefinition.Verificiation_CICD@17f6480]" name="close_browser" is-config="true" duration-ms="229" started-at="2023-10-20T11:35:39Z" finished-at="2023-10-20T11:35:39Z">
          <reporter-output>
          </reporter-output>
        </test-method> <!-- close_browser -->
      </class> <!-- stepDefinition.Verificiation_CICD -->
    </test> <!-- Default test -->
  </suite> <!-- Default suite -->
</testng-results>
